{"meta": {"version": "5.2.1", "timestamp": "2020-08-02T22:15:07.533595", "branch_coverage": false, "show_contexts": false}, "files": {"cloud_connectors/__init__.py": {"executed_lines": [4], "summary": {"covered_lines": 1, "num_statements": 1, "percent_covered": 100.0, "missing_lines": 0, "excluded_lines": 0}, "missing_lines": [], "excluded_lines": []}, "cloud_connectors/aws/__init__.py": {"executed_lines": [1], "summary": {"covered_lines": 0, "num_statements": 0, "percent_covered": 100.0, "missing_lines": 0, "excluded_lines": 0}, "missing_lines": [], "excluded_lines": []}, "cloud_connectors/aws/redshift.py": {"executed_lines": [4, 5, 6, 7, 8, 9, 12, 13, 33, 35, 74, 77, 79, 82, 83, 84, 85, 87, 88, 89, 90, 92, 93, 95, 110, 117, 119, 120, 121, 122, 124, 125, 127, 138, 139, 140, 141, 142, 143, 144, 146, 148, 150, 152, 154, 156], "summary": {"covered_lines": 45, "num_statements": 45, "percent_covered": 100.0, "missing_lines": 0, "excluded_lines": 0}, "missing_lines": [], "excluded_lines": []}, "cloud_connectors/aws/s3.py": {"executed_lines": [4, 5, 6, 7, 8, 9, 10, 13, 14, 32, 239, 285, 286, 287, 288, 289, 290, 292, 294, 296, 305, 306, 307, 308, 309, 310, 311, 312, 314, 330, 331, 333, 335, 336, 337, 338, 341, 342, 343, 344, 345, 347, 349, 364, 365, 366, 367, 368, 369, 371, 372, 373, 376, 377, 380, 403, 404, 405, 406, 408, 409, 410, 411, 412, 415, 429, 430, 432, 433, 438, 439, 440, 443, 466, 467, 468, 469, 470, 472, 476, 477, 483, 484, 487, 488, 491, 492, 493, 494, 495, 500, 524, 525, 526, 528, 529, 530, 532, 533, 534, 537, 538, 541, 543, 544, 550, 551, 552, 557, 580, 588, 590, 602, 603, 604, 605, 606, 609, 623, 624, 628, 629, 630], "summary": {"covered_lines": 119, "num_statements": 119, "percent_covered": 100.0, "missing_lines": 0, "excluded_lines": 14}, "missing_lines": [], "excluded_lines": [369, 370, 378, 406, 407, 413, 441, 498, 530, 531, 539, 555, 607, 631]}, "cloud_connectors/aws/sts.py": {"executed_lines": [1, 2, 3, 7, 11, 75, 99, 100, 101, 102, 104, 106, 107, 108, 111, 112, 113, 120, 121], "summary": {"covered_lines": 19, "num_statements": 19, "percent_covered": 100.0, "missing_lines": 0, "excluded_lines": 3}, "missing_lines": [], "excluded_lines": [114, 118, 126]}, "cloud_connectors/decorators.py": {"executed_lines": [4, 5, 6, 9, 14, 15, 17, 18, 19, 20, 21, 22, 23, 25, 27], "summary": {"covered_lines": 15, "num_statements": 15, "percent_covered": 100.0, "missing_lines": 0, "excluded_lines": 0}, "missing_lines": [], "excluded_lines": []}, "cloud_connectors/exceptions.py": {"executed_lines": [5, 6, 9, 10, 13, 14, 17, 18, 21, 22, 25, 26, 29, 30, 33, 34], "summary": {"covered_lines": 8, "num_statements": 8, "percent_covered": 100.0, "missing_lines": 0, "excluded_lines": 0}, "missing_lines": [], "excluded_lines": []}, "cloud_connectors/gcp/__init__.py": {"executed_lines": [], "summary": {"covered_lines": 0, "num_statements": 0, "percent_covered": 100.0, "missing_lines": 0, "excluded_lines": 0}, "missing_lines": [], "excluded_lines": []}, "cloud_connectors/template/__init__.py": {"executed_lines": [1], "summary": {"covered_lines": 0, "num_statements": 0, "percent_covered": 100.0, "missing_lines": 0, "excluded_lines": 0}, "missing_lines": [], "excluded_lines": []}, "cloud_connectors/template/cloud_storage.py": {"executed_lines": [4, 5, 8, 9, 15, 17, 18, 19, 21, 22, 29, 30, 41, 42, 50, 51, 63, 64, 80, 81, 97, 98, 114, 115, 131, 132, 140, 141], "summary": {"covered_lines": 27, "num_statements": 27, "percent_covered": 100.0, "missing_lines": 0, "excluded_lines": 0}, "missing_lines": [], "excluded_lines": []}}, "totals": {"covered_lines": 234, "num_statements": 234, "percent_covered": 100.0, "missing_lines": 0, "excluded_lines": 17}}